2008.10.22 14:22 B D:\Heinz\heinz_wam\WAM_cy4_5_2\WAM_SOURCE\Module\PREPROC_MODULE.f90 <-- gkss-ftp-server /incoming/behrens/WAM_cy4_5_2/WAM_SOURCE/Module PREPROC_MODULE.f90
2008.10.22 14:22 B D:\Heinz\heinz_wam\WAM_cy4_5_2\WAM_SOURCE\Module\WAM_BOUNDARY_MODULE.f90 <-- gkss-ftp-server /incoming/behrens/WAM_cy4_5_2/WAM_SOURCE/Module WAM_BOUNDARY_MODULE.f90
2008.10.22 14:22 B D:\Heinz\heinz_wam\WAM_cy4_5_2\WAM_SOURCE\Module\WAM_COLDSTART_MODULE.f90 <-- gkss-ftp-server /incoming/behrens/WAM_cy4_5_2/WAM_SOURCE/Module WAM_COLDSTART_MODULE.f90
2008.10.22 14:22 B D:\Heinz\heinz_wam\WAM_cy4_5_2\WAM_SOURCE\Module\WAM_CURRENT_MODULE.f90 <-- gkss-ftp-server /incoming/behrens/WAM_cy4_5_2/WAM_SOURCE/Module WAM_CURRENT_MODULE.f90
2008.10.22 14:22 B D:\Heinz\heinz_wam\WAM_cy4_5_2\WAM_SOURCE\Module\WAM_FILE_MODULE.f90 <-- gkss-ftp-server /incoming/behrens/WAM_cy4_5_2/WAM_SOURCE/Module WAM_FILE_MODULE.f90
2008.10.22 14:22 B D:\Heinz\heinz_wam\WAM_cy4_5_2\WAM_SOURCE\Module\WAM_FRE_DIR_MODULE.f90 <-- gkss-ftp-server /incoming/behrens/WAM_cy4_5_2/WAM_SOURCE/Module WAM_FRE_DIR_MODULE.f90
2008.10.22 14:22 B D:\Heinz\heinz_wam\WAM_cy4_5_2\WAM_SOURCE\Module\WAM_GENERAL_MODULE.f90 <-- gkss-ftp-server /incoming/behrens/WAM_cy4_5_2/WAM_SOURCE/Module WAM_GENERAL_MODULE.f90
2008.10.22 14:22 B D:\Heinz\heinz_wam\WAM_cy4_5_2\WAM_SOURCE\Module\WAM_GRID_MODULE.f90 <-- gkss-ftp-server /incoming/behrens/WAM_cy4_5_2/WAM_SOURCE/Module WAM_GRID_MODULE.f90
2008.10.22 14:22 B D:\Heinz\heinz_wam\WAM_cy4_5_2\WAM_SOURCE\Module\WAM_ICE_MODULE.f90 <-- gkss-ftp-server /incoming/behrens/WAM_cy4_5_2/WAM_SOURCE/Module WAM_ICE_MODULE.f90
2008.10.22 14:22 B D:\Heinz\heinz_wam\WAM_cy4_5_2\WAM_SOURCE\Module\WAM_INITIAL_MODULE.f90 <-- gkss-ftp-server /incoming/behrens/WAM_cy4_5_2/WAM_SOURCE/Module WAM_INITIAL_MODULE.f90
2008.10.22 14:22 B D:\Heinz\heinz_wam\WAM_cy4_5_2\WAM_SOURCE\Module\WAM_INTERFACE_MODULE.f90 <-- gkss-ftp-server /incoming/behrens/WAM_cy4_5_2/WAM_SOURCE/Module WAM_INTERFACE_MODULE.f90
2008.10.22 14:22 B D:\Heinz\heinz_wam\WAM_cy4_5_2\WAM_SOURCE\Module\WAM_MODEL_MODULE.f90 <-- gkss-ftp-server /incoming/behrens/WAM_cy4_5_2/WAM_SOURCE/Module WAM_MODEL_MODULE.f90
2008.10.22 14:22 B D:\Heinz\heinz_wam\WAM_cy4_5_2\WAM_SOURCE\Module\WAM_NEST_MODULE.f90 <-- gkss-ftp-server /incoming/behrens/WAM_cy4_5_2/WAM_SOURCE/Module WAM_NEST_MODULE.f90
2008.10.22 14:22 B D:\Heinz\heinz_wam\WAM_cy4_5_2\WAM_SOURCE\Module\WAM_OUTPUT_MODULE.f90 <-- gkss-ftp-server /incoming/behrens/WAM_cy4_5_2/WAM_SOURCE/Module WAM_OUTPUT_MODULE.f90
2008.10.22 14:22 B D:\Heinz\heinz_wam\WAM_cy4_5_2\WAM_SOURCE\Module\WAM_OUTPUT_SET_UP_MODULE.f90 <-- gkss-ftp-server /incoming/behrens/WAM_cy4_5_2/WAM_SOURCE/Module WAM_OUTPUT_SET_UP_MODULE.f90
2008.10.22 14:22 B D:\Heinz\heinz_wam\WAM_cy4_5_2\WAM_SOURCE\Module\WAM_PRINT_MODULE.f90 <-- gkss-ftp-server /incoming/behrens/WAM_cy4_5_2/WAM_SOURCE/Module WAM_PRINT_MODULE.f90
2008.10.22 14:22 B D:\Heinz\heinz_wam\WAM_cy4_5_2\WAM_SOURCE\Module\WAM_PROPAGATION_MODULE.f90 <-- gkss-ftp-server /incoming/behrens/WAM_cy4_5_2/WAM_SOURCE/Module WAM_PROPAGATION_MODULE.f90
2008.10.22 14:22 B D:\Heinz\heinz_wam\WAM_cy4_5_2\WAM_SOURCE\Module\WAM_RESTART_MODULE.f90 <-- gkss-ftp-server /incoming/behrens/WAM_cy4_5_2/WAM_SOURCE/Module WAM_RESTART_MODULE.f90
2008.10.22 14:22 B D:\Heinz\heinz_wam\WAM_cy4_5_2\WAM_SOURCE\Module\WAM_SOURCE_MODULE.f90 <-- gkss-ftp-server /incoming/behrens/WAM_cy4_5_2/WAM_SOURCE/Module WAM_SOURCE_MODULE.f90
2008.10.22 14:22 B D:\Heinz\heinz_wam\WAM_cy4_5_2\WAM_SOURCE\Module\WAM_TIMOPT_MODULE.f90 <-- gkss-ftp-server /incoming/behrens/WAM_cy4_5_2/WAM_SOURCE/Module WAM_TIMOPT_MODULE.f90
2008.10.22 14:22 B D:\Heinz\heinz_wam\WAM_cy4_5_2\WAM_SOURCE\Module\WAM_WIND_MODULE.f90 <-- gkss-ftp-server /incoming/behrens/WAM_cy4_5_2/WAM_SOURCE/Module WAM_WIND_MODULE.f90
2008.10.22 14:30 B D:\Heinz\heinz_wam\WAM_cy4_5_2\WAM_SOURCE\Module\PREPROC_MODULE.f90 --> sun.gkss.de /h/behrens/pacific/heinz_wam/WAM_cy4_5_2/WAM_SOURCE/Module PREPROC_MODULE.f90
2008.10.22 14:30 B D:\Heinz\heinz_wam\WAM_cy4_5_2\WAM_SOURCE\Module\WAM_BOUNDARY_MODULE.f90 --> sun.gkss.de /h/behrens/pacific/heinz_wam/WAM_cy4_5_2/WAM_SOURCE/Module WAM_BOUNDARY_MODULE.f90
2008.10.22 14:30 B D:\Heinz\heinz_wam\WAM_cy4_5_2\WAM_SOURCE\Module\WAM_COLDSTART_MODULE.f90 --> sun.gkss.de /h/behrens/pacific/heinz_wam/WAM_cy4_5_2/WAM_SOURCE/Module WAM_COLDSTART_MODULE.f90
2008.10.22 14:30 B D:\Heinz\heinz_wam\WAM_cy4_5_2\WAM_SOURCE\Module\WAM_CURRENT_MODULE.f90 --> sun.gkss.de /h/behrens/pacific/heinz_wam/WAM_cy4_5_2/WAM_SOURCE/Module WAM_CURRENT_MODULE.f90
2008.10.22 14:30 B D:\Heinz\heinz_wam\WAM_cy4_5_2\WAM_SOURCE\Module\WAM_FILE_MODULE.f90 --> sun.gkss.de /h/behrens/pacific/heinz_wam/WAM_cy4_5_2/WAM_SOURCE/Module WAM_FILE_MODULE.f90
2008.10.22 14:30 B D:\Heinz\heinz_wam\WAM_cy4_5_2\WAM_SOURCE\Module\WAM_FRE_DIR_MODULE.f90 --> sun.gkss.de /h/behrens/pacific/heinz_wam/WAM_cy4_5_2/WAM_SOURCE/Module WAM_FRE_DIR_MODULE.f90
2008.10.22 14:30 B D:\Heinz\heinz_wam\WAM_cy4_5_2\WAM_SOURCE\Module\WAM_GENERAL_MODULE.f90 --> sun.gkss.de /h/behrens/pacific/heinz_wam/WAM_cy4_5_2/WAM_SOURCE/Module WAM_GENERAL_MODULE.f90
2008.10.22 14:30 B D:\Heinz\heinz_wam\WAM_cy4_5_2\WAM_SOURCE\Module\WAM_GRID_MODULE.f90 --> sun.gkss.de /h/behrens/pacific/heinz_wam/WAM_cy4_5_2/WAM_SOURCE/Module WAM_GRID_MODULE.f90
2008.10.22 14:30 B D:\Heinz\heinz_wam\WAM_cy4_5_2\WAM_SOURCE\Module\WAM_ICE_MODULE.f90 --> sun.gkss.de /h/behrens/pacific/heinz_wam/WAM_cy4_5_2/WAM_SOURCE/Module WAM_ICE_MODULE.f90
2008.10.22 14:30 B D:\Heinz\heinz_wam\WAM_cy4_5_2\WAM_SOURCE\Module\WAM_INITIAL_MODULE.f90 --> sun.gkss.de /h/behrens/pacific/heinz_wam/WAM_cy4_5_2/WAM_SOURCE/Module WAM_INITIAL_MODULE.f90
2008.10.22 14:30 B D:\Heinz\heinz_wam\WAM_cy4_5_2\WAM_SOURCE\Module\WAM_INTERFACE_MODULE.f90 --> sun.gkss.de /h/behrens/pacific/heinz_wam/WAM_cy4_5_2/WAM_SOURCE/Module WAM_INTERFACE_MODULE.f90
2008.10.22 14:30 B D:\Heinz\heinz_wam\WAM_cy4_5_2\WAM_SOURCE\Module\WAM_MODEL_MODULE.f90 --> sun.gkss.de /h/behrens/pacific/heinz_wam/WAM_cy4_5_2/WAM_SOURCE/Module WAM_MODEL_MODULE.f90
2008.10.22 14:30 B D:\Heinz\heinz_wam\WAM_cy4_5_2\WAM_SOURCE\Module\WAM_NEST_MODULE.f90 --> sun.gkss.de /h/behrens/pacific/heinz_wam/WAM_cy4_5_2/WAM_SOURCE/Module WAM_NEST_MODULE.f90
2008.10.22 14:30 B D:\Heinz\heinz_wam\WAM_cy4_5_2\WAM_SOURCE\Module\WAM_OUTPUT_MODULE.f90 --> sun.gkss.de /h/behrens/pacific/heinz_wam/WAM_cy4_5_2/WAM_SOURCE/Module WAM_OUTPUT_MODULE.f90
2008.10.22 14:30 B D:\Heinz\heinz_wam\WAM_cy4_5_2\WAM_SOURCE\Module\WAM_OUTPUT_SET_UP_MODULE.f90 --> sun.gkss.de /h/behrens/pacific/heinz_wam/WAM_cy4_5_2/WAM_SOURCE/Module WAM_OUTPUT_SET_UP_MODULE.f90
2008.10.22 14:30 B D:\Heinz\heinz_wam\WAM_cy4_5_2\WAM_SOURCE\Module\WAM_PRINT_MODULE.f90 --> sun.gkss.de /h/behrens/pacific/heinz_wam/WAM_cy4_5_2/WAM_SOURCE/Module WAM_PRINT_MODULE.f90
2008.10.22 14:30 B D:\Heinz\heinz_wam\WAM_cy4_5_2\WAM_SOURCE\Module\WAM_PROPAGATION_MODULE.f90 --> sun.gkss.de /h/behrens/pacific/heinz_wam/WAM_cy4_5_2/WAM_SOURCE/Module WAM_PROPAGATION_MODULE.f90
2008.10.22 14:30 B D:\Heinz\heinz_wam\WAM_cy4_5_2\WAM_SOURCE\Module\WAM_RESTART_MODULE.f90 --> sun.gkss.de /h/behrens/pacific/heinz_wam/WAM_cy4_5_2/WAM_SOURCE/Module WAM_RESTART_MODULE.f90
2008.10.22 14:30 B D:\Heinz\heinz_wam\WAM_cy4_5_2\WAM_SOURCE\Module\WAM_SOURCE_MODULE.f90 --> sun.gkss.de /h/behrens/pacific/heinz_wam/WAM_cy4_5_2/WAM_SOURCE/Module WAM_SOURCE_MODULE.f90
2008.10.22 14:30 B D:\Heinz\heinz_wam\WAM_cy4_5_2\WAM_SOURCE\Module\WAM_TIMOPT_MODULE.f90 --> sun.gkss.de /h/behrens/pacific/heinz_wam/WAM_cy4_5_2/WAM_SOURCE/Module WAM_TIMOPT_MODULE.f90
2008.10.22 14:30 B D:\Heinz\heinz_wam\WAM_cy4_5_2\WAM_SOURCE\Module\WAM_WIND_MODULE.f90 --> sun.gkss.de /h/behrens/pacific/heinz_wam/WAM_cy4_5_2/WAM_SOURCE/Module WAM_WIND_MODULE.f90
2008.10.22 14:30 B D:\Heinz\heinz_wam\WAM_cy4_5_2\WAM_SOURCE\Module\WS_FTP.LOG --> sun.gkss.de /h/behrens/pacific/heinz_wam/WAM_cy4_5_2/WAM_SOURCE/Module WS_FTP.LOG
2008.10.23 11:48 B D:\Heinz\heinz_wam\WAM_cy4_5_2\WAM_SOURCE\Module\ae_9D.tmp --> sun.gkss.de /h/behrens/pacific/heinz_wam/WAM_cy4_5_2/WAM_SOURCE/Module ae_9D.tmp
2008.10.23 11:48 B D:\Heinz\heinz_wam\WAM_cy4_5_2\WAM_SOURCE\Module\ae_A3.tmp --> sun.gkss.de /h/behrens/pacific/heinz_wam/WAM_cy4_5_2/WAM_SOURCE/Module ae_A3.tmp
2008.10.23 11:48 B D:\Heinz\heinz_wam\WAM_cy4_5_2\WAM_SOURCE\Module\PREPROC_MODULE.f90 --> sun.gkss.de /h/behrens/pacific/heinz_wam/WAM_cy4_5_2/WAM_SOURCE/Module PREPROC_MODULE.f90
2008.10.23 11:48 B D:\Heinz\heinz_wam\WAM_cy4_5_2\WAM_SOURCE\Module\WAM_BOUNDARY_MODULE.f90 --> sun.gkss.de /h/behrens/pacific/heinz_wam/WAM_cy4_5_2/WAM_SOURCE/Module WAM_BOUNDARY_MODULE.f90
2008.10.23 11:48 B D:\Heinz\heinz_wam\WAM_cy4_5_2\WAM_SOURCE\Module\WAM_COLDSTART_MODULE.f90 --> sun.gkss.de /h/behrens/pacific/heinz_wam/WAM_cy4_5_2/WAM_SOURCE/Module WAM_COLDSTART_MODULE.f90
2008.10.23 11:48 B D:\Heinz\heinz_wam\WAM_cy4_5_2\WAM_SOURCE\Module\WAM_CURRENT_MODULE.f90 --> sun.gkss.de /h/behrens/pacific/heinz_wam/WAM_cy4_5_2/WAM_SOURCE/Module WAM_CURRENT_MODULE.f90
2008.10.23 11:48 B D:\Heinz\heinz_wam\WAM_cy4_5_2\WAM_SOURCE\Module\WAM_FILE_MODULE.f90 --> sun.gkss.de /h/behrens/pacific/heinz_wam/WAM_cy4_5_2/WAM_SOURCE/Module WAM_FILE_MODULE.f90
2008.10.23 11:48 B D:\Heinz\heinz_wam\WAM_cy4_5_2\WAM_SOURCE\Module\WAM_FRE_DIR_MODULE.f90 --> sun.gkss.de /h/behrens/pacific/heinz_wam/WAM_cy4_5_2/WAM_SOURCE/Module WAM_FRE_DIR_MODULE.f90
2008.10.23 11:48 B D:\Heinz\heinz_wam\WAM_cy4_5_2\WAM_SOURCE\Module\WAM_GENERAL_MODULE.f90 --> sun.gkss.de /h/behrens/pacific/heinz_wam/WAM_cy4_5_2/WAM_SOURCE/Module WAM_GENERAL_MODULE.f90
2008.10.23 11:48 B D:\Heinz\heinz_wam\WAM_cy4_5_2\WAM_SOURCE\Module\WAM_GRID_MODULE.f90 --> sun.gkss.de /h/behrens/pacific/heinz_wam/WAM_cy4_5_2/WAM_SOURCE/Module WAM_GRID_MODULE.f90
2008.10.23 11:48 B D:\Heinz\heinz_wam\WAM_cy4_5_2\WAM_SOURCE\Module\WAM_ICE_MODULE.f90 --> sun.gkss.de /h/behrens/pacific/heinz_wam/WAM_cy4_5_2/WAM_SOURCE/Module WAM_ICE_MODULE.f90
2008.10.23 11:48 B D:\Heinz\heinz_wam\WAM_cy4_5_2\WAM_SOURCE\Module\WAM_INITIAL_MODULE.f90 --> sun.gkss.de /h/behrens/pacific/heinz_wam/WAM_cy4_5_2/WAM_SOURCE/Module WAM_INITIAL_MODULE.f90
2008.10.23 11:48 B D:\Heinz\heinz_wam\WAM_cy4_5_2\WAM_SOURCE\Module\WAM_INTERFACE_MODULE.f90 --> sun.gkss.de /h/behrens/pacific/heinz_wam/WAM_cy4_5_2/WAM_SOURCE/Module WAM_INTERFACE_MODULE.f90
2008.10.23 11:48 B D:\Heinz\heinz_wam\WAM_cy4_5_2\WAM_SOURCE\Module\WAM_MODEL_MODULE.f90 --> sun.gkss.de /h/behrens/pacific/heinz_wam/WAM_cy4_5_2/WAM_SOURCE/Module WAM_MODEL_MODULE.f90
2008.10.23 11:48 B D:\Heinz\heinz_wam\WAM_cy4_5_2\WAM_SOURCE\Module\WAM_NEST_MODULE.f90 --> sun.gkss.de /h/behrens/pacific/heinz_wam/WAM_cy4_5_2/WAM_SOURCE/Module WAM_NEST_MODULE.f90
2008.10.23 11:48 B D:\Heinz\heinz_wam\WAM_cy4_5_2\WAM_SOURCE\Module\WAM_OUTPUT_MODULE.f90 --> sun.gkss.de /h/behrens/pacific/heinz_wam/WAM_cy4_5_2/WAM_SOURCE/Module WAM_OUTPUT_MODULE.f90
2008.10.23 11:48 B D:\Heinz\heinz_wam\WAM_cy4_5_2\WAM_SOURCE\Module\WAM_OUTPUT_SET_UP_MODULE.f90 --> sun.gkss.de /h/behrens/pacific/heinz_wam/WAM_cy4_5_2/WAM_SOURCE/Module WAM_OUTPUT_SET_UP_MODULE.f90
2008.10.23 11:48 B D:\Heinz\heinz_wam\WAM_cy4_5_2\WAM_SOURCE\Module\WAM_PRINT_MODULE.f90 --> sun.gkss.de /h/behrens/pacific/heinz_wam/WAM_cy4_5_2/WAM_SOURCE/Module WAM_PRINT_MODULE.f90
2008.10.23 11:48 B D:\Heinz\heinz_wam\WAM_cy4_5_2\WAM_SOURCE\Module\WAM_PROPAGATION_MODULE.f90 --> sun.gkss.de /h/behrens/pacific/heinz_wam/WAM_cy4_5_2/WAM_SOURCE/Module WAM_PROPAGATION_MODULE.f90
2008.10.23 11:48 B D:\Heinz\heinz_wam\WAM_cy4_5_2\WAM_SOURCE\Module\WAM_RESTART_MODULE.f90 --> sun.gkss.de /h/behrens/pacific/heinz_wam/WAM_cy4_5_2/WAM_SOURCE/Module WAM_RESTART_MODULE.f90
2008.10.23 11:48 B D:\Heinz\heinz_wam\WAM_cy4_5_2\WAM_SOURCE\Module\WAM_SOURCE_MODULE.f90 --> sun.gkss.de /h/behrens/pacific/heinz_wam/WAM_cy4_5_2/WAM_SOURCE/Module WAM_SOURCE_MODULE.f90
2008.10.23 11:48 B D:\Heinz\heinz_wam\WAM_cy4_5_2\WAM_SOURCE\Module\WAM_TIMOPT_MODULE.f90 --> sun.gkss.de /h/behrens/pacific/heinz_wam/WAM_cy4_5_2/WAM_SOURCE/Module WAM_TIMOPT_MODULE.f90
2008.10.23 11:48 B D:\Heinz\heinz_wam\WAM_cy4_5_2\WAM_SOURCE\Module\WAM_WIND_MODULE.f90 --> sun.gkss.de /h/behrens/pacific/heinz_wam/WAM_cy4_5_2/WAM_SOURCE/Module WAM_WIND_MODULE.f90
